<?xml version="1.0" encoding="UTF-8"?>
<!-- Generated by org.testng.reporters.JUnitXMLReporter -->
<testsuite ignored="0" hostname="DESKTOP-EK96MV0" failures="0" tests="11" name="Default test" time="24.78" errors="0" timestamp="2023-11-30T12:20:19 BDT">
  <testcase classname="swagLabs.Checkout" name="checkout1" time="0.547"/>
  <testcase classname="swagLabs.Checkout" name="checkout2" time="1.525"/>
  <testcase classname="swagLabs.Checkout" name="checkout3" time="1.51"/>
  <testcase classname="swagLabs.Checkout" name="checkout4" time="1.412"/>
  <testcase classname="swagLabs.Checkout" name="checkout5" time="1.489"/>
  <testcase classname="swagLabs.Checkout" name="checkout6" time="1.362"/>
  <testcase classname="swagLabs.Checkout" name="checkout7" time="1.647"/>
  <testcase classname="swagLabs.Checkout" name="checkout9" time="0.385"/>
  <testcase classname="swagLabs.Checkout" name="checkout8" time="0.804"/>
  <testcase classname="swagLabs.Checkout" name="checkout10" time="0.943"/>
  <testcase classname="swagLabs.Checkout" name="checkout11" time="0.248"/>
</testsuite> <!-- Default test -->
