<?xml version="1.0" encoding="UTF-8"?>
<testng-results ignored="0" total="11" passed="11" failed="0" skipped="0">
  <reporter-output>
  </reporter-output>
  <suite started-at="2023-11-30T12:19:54 BDT" name="Default suite" finished-at="2023-11-30T12:20:19 BDT" duration-ms="24780">
    <groups>
    </groups>
    <test started-at="2023-11-30T12:19:54 BDT" name="Default test" finished-at="2023-11-30T12:20:19 BDT" duration-ms="24780">
      <class name="swagLabs.Checkout">
        <test-method is-config="true" signature="precondition()[pri:0, instance:swagLabs.Checkout@7c6908d7]" started-at="2023-11-30T12:19:54 BDT" name="precondition" finished-at="2023-11-30T12:20:06 BDT" duration-ms="11147" status="PASS">
          <reporter-output>
          </reporter-output>
        </test-method> <!-- precondition -->
        <test-method signature="checkout1()[pri:0, instance:swagLabs.Checkout@7c6908d7]" started-at="2023-11-30T12:20:06 BDT" name="checkout1" finished-at="2023-11-30T12:20:06 BDT" duration-ms="547" status="PASS">
          <reporter-output>
          </reporter-output>
        </test-method> <!-- checkout1 -->
        <test-method signature="checkout2()[pri:1, instance:swagLabs.Checkout@7c6908d7]" started-at="2023-11-30T12:20:06 BDT" name="checkout2" finished-at="2023-11-30T12:20:08 BDT" duration-ms="1525" status="PASS">
          <reporter-output>
          </reporter-output>
        </test-method> <!-- checkout2 -->
        <test-method signature="checkout3()[pri:2, instance:swagLabs.Checkout@7c6908d7]" started-at="2023-11-30T12:20:08 BDT" name="checkout3" finished-at="2023-11-30T12:20:09 BDT" duration-ms="1510" status="PASS">
          <reporter-output>
          </reporter-output>
        </test-method> <!-- checkout3 -->
        <test-method signature="checkout4()[pri:3, instance:swagLabs.Checkout@7c6908d7]" started-at="2023-11-30T12:20:09 BDT" name="checkout4" finished-at="2023-11-30T12:20:11 BDT" duration-ms="1412" status="PASS">
          <reporter-output>
          </reporter-output>
        </test-method> <!-- checkout4 -->
        <test-method signature="checkout5()[pri:4, instance:swagLabs.Checkout@7c6908d7]" started-at="2023-11-30T12:20:11 BDT" name="checkout5" finished-at="2023-11-30T12:20:12 BDT" duration-ms="1489" status="PASS">
          <reporter-output>
          </reporter-output>
        </test-method> <!-- checkout5 -->
        <test-method signature="checkout6()[pri:5, instance:swagLabs.Checkout@7c6908d7]" started-at="2023-11-30T12:20:12 BDT" name="checkout6" finished-at="2023-11-30T12:20:14 BDT" duration-ms="1362" status="PASS">
          <reporter-output>
          </reporter-output>
        </test-method> <!-- checkout6 -->
        <test-method signature="checkout7()[pri:6, instance:swagLabs.Checkout@7c6908d7]" started-at="2023-11-30T12:20:14 BDT" name="checkout7" finished-at="2023-11-30T12:20:15 BDT" duration-ms="1647" status="PASS">
          <reporter-output>
          </reporter-output>
        </test-method> <!-- checkout7 -->
        <test-method signature="checkout9()[pri:7, instance:swagLabs.Checkout@7c6908d7]" started-at="2023-11-30T12:20:15 BDT" name="checkout9" finished-at="2023-11-30T12:20:16 BDT" duration-ms="385" status="PASS">
          <reporter-output>
          </reporter-output>
        </test-method> <!-- checkout9 -->
        <test-method signature="checkout8()[pri:8, instance:swagLabs.Checkout@7c6908d7]" started-at="2023-11-30T12:20:16 BDT" name="checkout8" finished-at="2023-11-30T12:20:16 BDT" duration-ms="804" status="PASS">
          <reporter-output>
          </reporter-output>
        </test-method> <!-- checkout8 -->
        <test-method signature="checkout10()[pri:9, instance:swagLabs.Checkout@7c6908d7]" started-at="2023-11-30T12:20:16 BDT" name="checkout10" finished-at="2023-11-30T12:20:17 BDT" duration-ms="943" status="PASS">
          <reporter-output>
          </reporter-output>
        </test-method> <!-- checkout10 -->
        <test-method signature="checkout11()[pri:10, instance:swagLabs.Checkout@7c6908d7]" started-at="2023-11-30T12:20:17 BDT" name="checkout11" finished-at="2023-11-30T12:20:18 BDT" duration-ms="248" status="PASS">
          <reporter-output>
          </reporter-output>
        </test-method> <!-- checkout11 -->
        <test-method is-config="true" signature="endCheckoutTest()[pri:0, instance:swagLabs.Checkout@7c6908d7]" started-at="2023-11-30T12:20:18 BDT" name="endCheckoutTest" finished-at="2023-11-30T12:20:19 BDT" duration-ms="1624" status="PASS">
          <reporter-output>
          </reporter-output>
        </test-method> <!-- endCheckoutTest -->
      </class> <!-- swagLabs.Checkout -->
    </test> <!-- Default test -->
  </suite> <!-- Default suite -->
</testng-results>
